Traceback (most recent call last):
  File "/home/zhonglinyue/miniconda3/envs/lerobot/lib/python3.10/runpy.py", line 196, in _run_module_as_main
    return _run_code(code, main_globals, None,
  File "/home/zhonglinyue/miniconda3/envs/lerobot/lib/python3.10/runpy.py", line 86, in _run_code
    exec(code, run_globals)
  File "/home/zhonglinyue/code/lerobot_diy/src/lerobot/scripts/train.py", line 361, in <module>
    main()
  File "/home/zhonglinyue/code/lerobot_diy/src/lerobot/scripts/train.py", line 357, in main
    train()
  File "/home/zhonglinyue/code/lerobot_diy/src/lerobot/configs/parser.py", line 224, in wrapper_inner
    cfg = draccus.parse(config_class=argtype, config_path=config_path, args=cli_args)
  File "/home/zhonglinyue/miniconda3/envs/lerobot/lib/python3.10/site-packages/draccus/argparsing.py", line 204, in parse
    parser = ArgumentParser(
  File "/home/zhonglinyue/miniconda3/envs/lerobot/lib/python3.10/site-packages/draccus/argparsing.py", line 73, in __init__
    self._set_dataclass(config_class)  # type: ignore
  File "/home/zhonglinyue/miniconda3/envs/lerobot/lib/python3.10/site-packages/draccus/argparsing.py", line 87, in _set_dataclass
    new_wrapper.register_actions(parser=self.parser)
  File "/home/zhonglinyue/miniconda3/envs/lerobot/lib/python3.10/site-packages/draccus/wrappers/dataclass_wrapper.py", line 69, in register_actions
    child.register_actions(parser)
  File "/home/zhonglinyue/miniconda3/envs/lerobot/lib/python3.10/site-packages/draccus/wrappers/choice_wrapper.py", line 208, in register_actions
    child.register_actions(parser)
  File "/home/zhonglinyue/miniconda3/envs/lerobot/lib/python3.10/site-packages/draccus/wrappers/choice_wrapper.py", line 83, in register_actions
    child.register_actions(parser)
  File "/home/zhonglinyue/miniconda3/envs/lerobot/lib/python3.10/site-packages/draccus/wrappers/dataclass_wrapper.py", line 71, in register_actions
    child.add_action(group)
  File "/home/zhonglinyue/miniconda3/envs/lerobot/lib/python3.10/site-packages/draccus/wrappers/field_wrapper.py", line 309, in add_action
    logger.debug(f"Arg options for field '{self.name}': {self.arg_options}")
  File "/home/zhonglinyue/miniconda3/envs/lerobot/lib/python3.10/site-packages/draccus/wrappers/field_wrapper.py", line 85, in arg_options
    options = self.get_arg_options()
  File "/home/zhonglinyue/miniconda3/envs/lerobot/lib/python3.10/site-packages/draccus/wrappers/field_wrapper.py", line 111, in get_arg_options
    if self.help:
  File "/home/zhonglinyue/miniconda3/envs/lerobot/lib/python3.10/site-packages/draccus/wrappers/field_wrapper.py", line 258, in help
    self._docstring = docstring.get_attribute_docstring(self.parent.dataclass, self.field.name)
  File "/home/zhonglinyue/miniconda3/envs/lerobot/lib/python3.10/site-packages/draccus/wrappers/docstring.py", line 97, in get_attribute_docstring
    return get_attribute_docstring(base_class, field_name)
  File "/home/zhonglinyue/miniconda3/envs/lerobot/lib/python3.10/site-packages/draccus/wrappers/docstring.py", line 63, in get_attribute_docstring
    source = inspect.getsource(some_dataclass)
  File "/home/zhonglinyue/miniconda3/envs/lerobot/lib/python3.10/inspect.py", line 1139, in getsource
    lines, lnum = getsourcelines(object)
  File "/home/zhonglinyue/miniconda3/envs/lerobot/lib/python3.10/inspect.py", line 1131, in getsourcelines
    return getblock(lines[lnum:]), lnum + 1
  File "/home/zhonglinyue/miniconda3/envs/lerobot/lib/python3.10/inspect.py", line 1107, in getblock
    blockfinder.tokeneater(*_token)
  File "/home/zhonglinyue/miniconda3/envs/lerobot/lib/python3.10/inspect.py", line 1058, in tokeneater
    def tokeneater(self, type, token, srowcol, erowcol, line):
KeyboardInterrupt
Traceback (most recent call last):
  File "/home/zhonglinyue/miniconda3/envs/lerobot/lib/python3.10/runpy.py", line 196, in _run_module_as_main
    return _run_code(code, main_globals, None,
  File "/home/zhonglinyue/miniconda3/envs/lerobot/lib/python3.10/runpy.py", line 86, in _run_code
    exec(code, run_globals)
  File "/home/zhonglinyue/code/lerobot_diy/src/lerobot/scripts/train.py", line 28, in <module>
    from lerobot.configs.train import TrainPipelineConfig
  File "/home/zhonglinyue/code/lerobot_diy/src/lerobot/configs/train.py", line 26, in <module>
    from lerobot.configs.default import DatasetConfig, EvalConfig, WandBConfig
  File "/home/zhonglinyue/code/lerobot_diy/src/lerobot/configs/default.py", line 19, in <module>
    from lerobot import (
  File "/home/zhonglinyue/code/lerobot_diy/src/lerobot/policies/__init__.py", line 15, in <module>
    from .act.configuration_act import ACTConfig as ACTConfig
  File "/home/zhonglinyue/code/lerobot_diy/src/lerobot/policies/act/configuration_act.py", line 18, in <module>
    from lerobot.configs.policies import PreTrainedConfig
  File "/home/zhonglinyue/code/lerobot_diy/src/lerobot/configs/policies.py", line 31, in <module>
    from lerobot.optim.optimizers import OptimizerConfig
  File "/home/zhonglinyue/code/lerobot_diy/src/lerobot/optim/__init__.py", line 15, in <module>
    from .optimizers import OptimizerConfig as OptimizerConfig
  File "/home/zhonglinyue/code/lerobot_diy/src/lerobot/optim/optimizers.py", line 29, in <module>
    from lerobot.datasets.utils import flatten_dict, unflatten_dict, write_json
  File "/home/zhonglinyue/code/lerobot_diy/src/lerobot/datasets/utils.py", line 36, in <module>
    from torchvision import transforms
  File "/home/zhonglinyue/miniconda3/envs/lerobot/lib/python3.10/site-packages/torchvision/__init__.py", line 10, in <module>
    from torchvision import _meta_registrations, datasets, io, models, ops, transforms, utils  # usort:skip
  File "/home/zhonglinyue/miniconda3/envs/lerobot/lib/python3.10/site-packages/torchvision/models/__init__.py", line 2, in <module>
    from .convnext import *
  File "/home/zhonglinyue/miniconda3/envs/lerobot/lib/python3.10/site-packages/torchvision/models/convnext.py", line 8, in <module>
    from ..ops.misc import Conv2dNormActivation, Permute
  File "/home/zhonglinyue/miniconda3/envs/lerobot/lib/python3.10/site-packages/torchvision/ops/__init__.py", line 23, in <module>
    from .poolers import MultiScaleRoIAlign
  File "/home/zhonglinyue/miniconda3/envs/lerobot/lib/python3.10/site-packages/torchvision/ops/poolers.py", line 10, in <module>
    from .roi_align import roi_align
  File "/home/zhonglinyue/miniconda3/envs/lerobot/lib/python3.10/site-packages/torchvision/ops/roi_align.py", line 7, in <module>
    from torch._dynamo.utils import is_compile_supported
  File "/home/zhonglinyue/miniconda3/envs/lerobot/lib/python3.10/site-packages/torch/_dynamo/__init__.py", line 53, in <module>
    from .polyfills import loader as _  # usort: skip # noqa: F401
  File "/home/zhonglinyue/miniconda3/envs/lerobot/lib/python3.10/site-packages/torch/_dynamo/polyfills/loader.py", line 25, in <module>
    POLYFILLED_MODULES: tuple["ModuleType", ...] = tuple(
  File "/home/zhonglinyue/miniconda3/envs/lerobot/lib/python3.10/site-packages/torch/_dynamo/polyfills/loader.py", line 26, in <genexpr>
    importlib.import_module(f".{submodule}", package=polyfills.__name__)
  File "/home/zhonglinyue/miniconda3/envs/lerobot/lib/python3.10/importlib/__init__.py", line 126, in import_module
    return _bootstrap._gcd_import(name[level:], package, level)
  File "/home/zhonglinyue/miniconda3/envs/lerobot/lib/python3.10/site-packages/torch/_dynamo/polyfills/builtins.py", line 31, in <module>
    def all(iterable: Iterable[object], /) -> bool:
  File "/home/zhonglinyue/miniconda3/envs/lerobot/lib/python3.10/site-packages/torch/_dynamo/decorators.py", line 427, in wrapper
    rule_map: dict[Any, type[VariableTracker]] = get_torch_obj_rule_map()
  File "/home/zhonglinyue/miniconda3/envs/lerobot/lib/python3.10/site-packages/torch/_dynamo/trace_rules.py", line 2870, in get_torch_obj_rule_map
    obj = load_object(k)
  File "/home/zhonglinyue/miniconda3/envs/lerobot/lib/python3.10/site-packages/torch/_dynamo/trace_rules.py", line 2901, in load_object
    val = _load_obj_from_str(x[0])
  File "/home/zhonglinyue/miniconda3/envs/lerobot/lib/python3.10/site-packages/torch/_dynamo/trace_rules.py", line 2885, in _load_obj_from_str
    return getattr(importlib.import_module(module), obj_name)
  File "/home/zhonglinyue/miniconda3/envs/lerobot/lib/python3.10/importlib/__init__.py", line 126, in import_module
    return _bootstrap._gcd_import(name[level:], package, level)
  File "/home/zhonglinyue/miniconda3/envs/lerobot/lib/python3.10/site-packages/torch/_higher_order_ops/map.py", line 6, in <module>
    from torch._functorch.aot_autograd import AOTConfig, create_joint
  File "/home/zhonglinyue/miniconda3/envs/lerobot/lib/python3.10/site-packages/torch/_functorch/aot_autograd.py", line 135, in <module>
    from .partitioners import default_partition
  File "/home/zhonglinyue/miniconda3/envs/lerobot/lib/python3.10/site-packages/torch/_functorch/partitioners.py", line 16, in <module>
    import torch._inductor.inductor_prims
  File "/home/zhonglinyue/miniconda3/envs/lerobot/lib/python3.10/site-packages/torch/_inductor/inductor_prims.py", line 197, in <module>
    _low_memory_max_pool2d_offsets_to_indices = make_prim(
  File "/home/zhonglinyue/miniconda3/envs/lerobot/lib/python3.10/site-packages/torch/_inductor/inductor_prims.py", line 35, in make_prim
    return _prims._make_prim(
  File "/home/zhonglinyue/miniconda3/envs/lerobot/lib/python3.10/site-packages/torch/_prims/__init__.py", line 321, in _make_prim
    prim_def = torch.library.custom_op(
  File "/home/zhonglinyue/miniconda3/envs/lerobot/lib/python3.10/site-packages/torch/_library/custom_ops.py", line 173, in custom_op
    return inner(fn)
  File "/home/zhonglinyue/miniconda3/envs/lerobot/lib/python3.10/site-packages/torch/_library/custom_ops.py", line 154, in inner
    result = CustomOpDef(namespace, opname, schema_str, fn)
  File "/home/zhonglinyue/miniconda3/envs/lerobot/lib/python3.10/site-packages/torch/_library/custom_ops.py", line 204, in __init__
    self._register_to_dispatcher()
  File "/home/zhonglinyue/miniconda3/envs/lerobot/lib/python3.10/site-packages/torch/_library/custom_ops.py", line 626, in _register_to_dispatcher
    autograd_impl = autograd.make_autograd_impl(self._opoverload, self)
  File "/home/zhonglinyue/miniconda3/envs/lerobot/lib/python3.10/site-packages/torch/_library/autograd.py", line 29, in make_autograd_impl
    class Metadata:
  File "/home/zhonglinyue/miniconda3/envs/lerobot/lib/python3.10/dataclasses.py", line 1184, in dataclass
    return wrap(cls)
  File "/home/zhonglinyue/miniconda3/envs/lerobot/lib/python3.10/dataclasses.py", line 1175, in wrap
    return _process_class(cls, init, repr, eq, order, unsafe_hash,
  File "/home/zhonglinyue/miniconda3/envs/lerobot/lib/python3.10/dataclasses.py", line 1044, in _process_class
    _set_new_attribute(cls, '__repr__', _repr_fn(flds, globals))
  File "/home/zhonglinyue/miniconda3/envs/lerobot/lib/python3.10/dataclasses.py", line 588, in _repr_fn
    fn = _create_fn('__repr__',
  File "/home/zhonglinyue/miniconda3/envs/lerobot/lib/python3.10/dataclasses.py", line 432, in _create_fn
    exec(txt, globals, ns)
  File "<string>", line 1, in <module>
KeyboardInterrupt
